<?xml version="1.0" encoding="UTF-8"?>
<!-- Generated by org.testng.reporters.JUnitReportReporter -->
<testsuite skipped="0" hostname="BHANU-LAPTOP" name="script.Test1" tests="1" failures="0" timestamp="18 Aug 2021 13:42:29 GMT" time="3.668" errors="0">
  <testcase name="testA" time="3.668" classname="script.Test1"/>
</testsuite> <!-- script.Test1 -->
