<?xml version="1.0" encoding="UTF-8"?>
<!-- Generated by org.testng.reporters.JUnitReportReporter -->
<testsuite skipped="0" hostname="BHANU-LAPTOP" name="p1.Demo1" tests="1" failures="0" timestamp="16 Aug 2021 15:03:14 GMT" time="1.667" errors="0">
  <testcase name="testA" time="1.667" classname="p1.Demo1"/>
</testsuite> <!-- p1.Demo1 -->
