<?xml version="1.0" encoding="UTF-8"?>
<!-- Generated by org.testng.reporters.JUnitReportReporter -->
<testsuite skipped="0" hostname="BHANU-LAPTOP" name="script.InvalidLogin" tests="1" failures="0" timestamp="18 Aug 2021 15:15:50 GMT" time="10.664" errors="0">
  <testcase name="testInvalidLogin" time="10.664" classname="script.InvalidLogin"/>
</testsuite> <!-- script.InvalidLogin -->
