<?xml version="1.0" encoding="UTF-8"?>
<!-- Generated by org.testng.reporters.JUnitReportReporter -->
<testsuite skipped="0" hostname="BHANU-LAPTOP" name="script.Test2" tests="1" failures="0" timestamp="18 Aug 2021 13:42:29 GMT" time="2.712" errors="0">
  <testcase name="testB" time="2.712" classname="script.Test2"/>
</testsuite> <!-- script.Test2 -->
