<?xml version="1.0" encoding="UTF-8"?>
<!-- Generated by org.testng.reporters.JUnitReportReporter -->
<testsuite skipped="0" hostname="BHANU-LAPTOP" name="script.InvalidLogin" tests="2" failures="0" timestamp="19 Aug 2021 14:02:31 GMT" time="23.680" errors="0">
  <testcase name="testInvalidLogin" time="10.119" classname="script.InvalidLogin"/>
  <testcase name="testInvalidLogin" time="13.561" classname="script.InvalidLogin"/>
</testsuite> <!-- script.InvalidLogin -->
