<?xml version="1.0" encoding="UTF-8"?>
<!-- Generated by org.testng.reporters.JUnitReportReporter -->
<testsuite skipped="0" hostname="BHANU-LAPTOP" name="script.Test1" tests="1" failures="0" timestamp="17 Aug 2021 15:10:07 GMT" time="6.457" errors="0">
  <testcase name="testA" time="6.457" classname="script.Test1"/>
</testsuite> <!-- script.Test1 -->
