<?xml version="1.0" encoding="UTF-8"?>
<!-- Generated by org.testng.reporters.JUnitReportReporter -->
<testsuite skipped="0" hostname="BHANU-LAPTOP" name="script.ValidLogin" tests="2" failures="0" timestamp="19 Aug 2021 14:02:31 GMT" time="28.924" errors="0">
  <testcase name="testValidLogin" time="13.114" classname="script.ValidLogin"/>
  <testcase name="testValidLogin" time="15.810" classname="script.ValidLogin"/>
</testsuite> <!-- script.ValidLogin -->
